<?xml version="1.0" encoding="UTF-8"?>
<testsuite xmlns:xsi="http://www.w3.org/2001/XMLSchema-instance" xsi:noNamespaceSchemaLocation="https://maven.apache.org/surefire/maven-surefire-plugin/xsd/surefire-test-report-3.0.xsd" version="3.0" name="TestSuite" time="8.673" tests="4" errors="0" skipped="0" failures="0">
  <properties>
    <property name="java.specification.version" value="20"/>
    <property name="webdriver.chrome.driver" value="/Users/danielnicholson/.cache/selenium/chromedriver/mac-arm64/114.0.5735.90/chromedriver"/>
    <property name="sun.jnu.encoding" value="UTF-8"/>
    <property name="java.class.path" value="/Users/danielnicholson/Desktop/Project/Atrium/target/test-classes:/Users/danielnicholson/Desktop/Project/Atrium/target/classes:/Users/danielnicholson/.m2/repository/org/seleniumhq/selenium/selenium-java/4.9.1/selenium-java-4.9.1.jar:/Users/danielnicholson/.m2/repository/org/seleniumhq/selenium/selenium-api/4.9.1/selenium-api-4.9.1.jar:/Users/danielnicholson/.m2/repository/org/seleniumhq/selenium/selenium-chrome-driver/4.9.1/selenium-chrome-driver-4.9.1.jar:/Users/danielnicholson/.m2/repository/com/google/auto/service/auto-service-annotations/1.0.1/auto-service-annotations-1.0.1.jar:/Users/danielnicholson/.m2/repository/com/google/auto/service/auto-service/1.0.1/auto-service-1.0.1.jar:/Users/danielnicholson/.m2/repository/com/google/auto/auto-common/1.2/auto-common-1.2.jar:/Users/danielnicholson/.m2/repository/com/google/guava/guava/31.1-jre/guava-31.1-jre.jar:/Users/danielnicholson/.m2/repository/com/google/guava/failureaccess/1.0.1/failureaccess-1.0.1.jar:/Users/danielnicholson/.m2/repository/com/google/guava/listenablefuture/9999.0-empty-to-avoid-conflict-with-guava/listenablefuture-9999.0-empty-to-avoid-conflict-with-guava.jar:/Users/danielnicholson/.m2/repository/org/checkerframework/checker-qual/3.12.0/checker-qual-3.12.0.jar:/Users/danielnicholson/.m2/repository/com/google/errorprone/error_prone_annotations/2.11.0/error_prone_annotations-2.11.0.jar:/Users/danielnicholson/.m2/repository/com/google/j2objc/j2objc-annotations/1.3/j2objc-annotations-1.3.jar:/Users/danielnicholson/.m2/repository/org/seleniumhq/selenium/selenium-chromium-driver/4.9.1/selenium-chromium-driver-4.9.1.jar:/Users/danielnicholson/.m2/repository/org/seleniumhq/selenium/selenium-json/4.9.1/selenium-json-4.9.1.jar:/Users/danielnicholson/.m2/repository/org/seleniumhq/selenium/selenium-manager/4.9.1/selenium-manager-4.9.1.jar:/Users/danielnicholson/.m2/repository/org/seleniumhq/selenium/selenium-devtools-v111/4.9.1/selenium-devtools-v111-4.9.1.jar:/Users/danielnicholson/.m2/repository/org/seleniumhq/selenium/selenium-devtools-v112/4.9.1/selenium-devtools-v112-4.9.1.jar:/Users/danielnicholson/.m2/repository/org/seleniumhq/selenium/selenium-devtools-v113/4.9.1/selenium-devtools-v113-4.9.1.jar:/Users/danielnicholson/.m2/repository/org/seleniumhq/selenium/selenium-devtools-v85/4.9.1/selenium-devtools-v85-4.9.1.jar:/Users/danielnicholson/.m2/repository/org/seleniumhq/selenium/selenium-edge-driver/4.9.1/selenium-edge-driver-4.9.1.jar:/Users/danielnicholson/.m2/repository/org/seleniumhq/selenium/selenium-firefox-driver/4.9.1/selenium-firefox-driver-4.9.1.jar:/Users/danielnicholson/.m2/repository/org/seleniumhq/selenium/selenium-http/4.9.1/selenium-http-4.9.1.jar:/Users/danielnicholson/.m2/repository/dev/failsafe/failsafe/3.3.1/failsafe-3.3.1.jar:/Users/danielnicholson/.m2/repository/org/seleniumhq/selenium/selenium-ie-driver/4.9.1/selenium-ie-driver-4.9.1.jar:/Users/danielnicholson/.m2/repository/org/seleniumhq/selenium/selenium-remote-driver/4.9.1/selenium-remote-driver-4.9.1.jar:/Users/danielnicholson/.m2/repository/io/netty/netty-buffer/4.1.91.Final/netty-buffer-4.1.91.Final.jar:/Users/danielnicholson/.m2/repository/io/netty/netty-codec-http/4.1.91.Final/netty-codec-http-4.1.91.Final.jar:/Users/danielnicholson/.m2/repository/io/netty/netty-codec/4.1.91.Final/netty-codec-4.1.91.Final.jar:/Users/danielnicholson/.m2/repository/io/netty/netty-handler/4.1.91.Final/netty-handler-4.1.91.Final.jar:/Users/danielnicholson/.m2/repository/io/netty/netty-common/4.1.91.Final/netty-common-4.1.91.Final.jar:/Users/danielnicholson/.m2/repository/io/netty/netty-transport-classes-epoll/4.1.91.Final/netty-transport-classes-epoll-4.1.91.Final.jar:/Users/danielnicholson/.m2/repository/io/netty/netty-transport-classes-kqueue/4.1.91.Final/netty-transport-classes-kqueue-4.1.91.Final.jar:/Users/danielnicholson/.m2/repository/io/netty/netty-transport-native-epoll/4.1.91.Final/netty-transport-native-epoll-4.1.91.Final.jar:/Users/danielnicholson/.m2/repository/io/netty/netty-transport-native-kqueue/4.1.91.Final/netty-transport-native-kqueue-4.1.91.Final.jar:/Users/danielnicholson/.m2/repository/io/netty/netty-transport-native-unix-common/4.1.91.Final/netty-transport-native-unix-common-4.1.91.Final.jar:/Users/danielnicholson/.m2/repository/io/netty/netty-transport/4.1.91.Final/netty-transport-4.1.91.Final.jar:/Users/danielnicholson/.m2/repository/io/netty/netty-resolver/4.1.91.Final/netty-resolver-4.1.91.Final.jar:/Users/danielnicholson/.m2/repository/io/opentelemetry/opentelemetry-api/1.25.0/opentelemetry-api-1.25.0.jar:/Users/danielnicholson/.m2/repository/io/opentelemetry/opentelemetry-context/1.25.0/opentelemetry-context-1.25.0.jar:/Users/danielnicholson/.m2/repository/io/opentelemetry/opentelemetry-exporter-logging/1.25.0/opentelemetry-exporter-logging-1.25.0.jar:/Users/danielnicholson/.m2/repository/io/opentelemetry/opentelemetry-sdk-metrics/1.25.0/opentelemetry-sdk-metrics-1.25.0.jar:/Users/danielnicholson/.m2/repository/io/opentelemetry/opentelemetry-sdk-logs/1.25.0-alpha/opentelemetry-sdk-logs-1.25.0-alpha.jar:/Users/danielnicholson/.m2/repository/io/opentelemetry/opentelemetry-api-logs/1.25.0-alpha/opentelemetry-api-logs-1.25.0-alpha.jar:/Users/danielnicholson/.m2/repository/io/opentelemetry/opentelemetry-api-events/1.25.0-alpha/opentelemetry-api-events-1.25.0-alpha.jar:/Users/danielnicholson/.m2/repository/io/opentelemetry/opentelemetry-sdk-common/1.25.0/opentelemetry-sdk-common-1.25.0.jar:/Users/danielnicholson/.m2/repository/io/opentelemetry/opentelemetry-sdk-extension-autoconfigure-spi/1.25.0/opentelemetry-sdk-extension-autoconfigure-spi-1.25.0.jar:/Users/danielnicholson/.m2/repository/io/opentelemetry/opentelemetry-sdk-extension-autoconfigure/1.25.0-alpha/opentelemetry-sdk-extension-autoconfigure-1.25.0-alpha.jar:/Users/danielnicholson/.m2/repository/io/opentelemetry/opentelemetry-sdk-trace/1.25.0/opentelemetry-sdk-trace-1.25.0.jar:/Users/danielnicholson/.m2/repository/io/opentelemetry/opentelemetry-sdk/1.25.0/opentelemetry-sdk-1.25.0.jar:/Users/danielnicholson/.m2/repository/io/opentelemetry/opentelemetry-semconv/1.25.0-alpha/opentelemetry-semconv-1.25.0-alpha.jar:/Users/danielnicholson/.m2/repository/io/ous/jtoml/2.0.0/jtoml-2.0.0.jar:/Users/danielnicholson/.m2/repository/net/bytebuddy/byte-buddy/1.14.4/byte-buddy-1.14.4.jar:/Users/danielnicholson/.m2/repository/org/apache/commons/commons-exec/1.3/commons-exec-1.3.jar:/Users/danielnicholson/.m2/repository/org/asynchttpclient/async-http-client/2.12.3/async-http-client-2.12.3.jar:/Users/danielnicholson/.m2/repository/org/asynchttpclient/async-http-client-netty-utils/2.12.3/async-http-client-netty-utils-2.12.3.jar:/Users/danielnicholson/.m2/repository/io/netty/netty-codec-socks/4.1.60.Final/netty-codec-socks-4.1.60.Final.jar:/Users/danielnicholson/.m2/repository/io/netty/netty-handler-proxy/4.1.60.Final/netty-handler-proxy-4.1.60.Final.jar:/Users/danielnicholson/.m2/repository/io/netty/netty-transport-native-epoll/4.1.60.Final/netty-transport-native-epoll-4.1.60.Final-linux-x86_64.jar:/Users/danielnicholson/.m2/repository/io/netty/netty-transport-native-kqueue/4.1.60.Final/netty-transport-native-kqueue-4.1.60.Final-osx-x86_64.jar:/Users/danielnicholson/.m2/repository/org/reactivestreams/reactive-streams/1.0.3/reactive-streams-1.0.3.jar:/Users/danielnicholson/.m2/repository/com/typesafe/netty/netty-reactive-streams/2.0.4/netty-reactive-streams-2.0.4.jar:/Users/danielnicholson/.m2/repository/com/sun/activation/jakarta.activation/1.2.2/jakarta.activation-1.2.2.jar:/Users/danielnicholson/.m2/repository/org/seleniumhq/selenium/selenium-safari-driver/4.9.1/selenium-safari-driver-4.9.1.jar:/Users/danielnicholson/.m2/repository/org/seleniumhq/selenium/selenium-support/4.9.1/selenium-support-4.9.1.jar:/Users/danielnicholson/.m2/repository/io/github/bonigarcia/webdrivermanager/5.3.3/webdrivermanager-5.3.3.jar:/Users/danielnicholson/.m2/repository/org/slf4j/slf4j-api/2.0.7/slf4j-api-2.0.7.jar:/Users/danielnicholson/.m2/repository/com/google/code/gson/gson/2.10.1/gson-2.10.1.jar:/Users/danielnicholson/.m2/repository/com/github/docker-java/docker-java/3.3.0/docker-java-3.3.0.jar:/Users/danielnicholson/.m2/repository/com/github/docker-java/docker-java-core/3.3.0/docker-java-core-3.3.0.jar:/Users/danielnicholson/.m2/repository/com/github/docker-java/docker-java-api/3.3.0/docker-java-api-3.3.0.jar:/Users/danielnicholson/.m2/repository/com/fasterxml/jackson/core/jackson-annotations/2.10.3/jackson-annotations-2.10.3.jar:/Users/danielnicholson/.m2/repository/commons-io/commons-io/2.6/commons-io-2.6.jar:/Users/danielnicholson/.m2/repository/org/apache/commons/commons-compress/1.21/commons-compress-1.21.jar:/Users/danielnicholson/.m2/repository/com/fasterxml/jackson/core/jackson-databind/2.10.3/jackson-databind-2.10.3.jar:/Users/danielnicholson/.m2/repository/com/fasterxml/jackson/core/jackson-core/2.10.3/jackson-core-2.10.3.jar:/Users/danielnicholson/.m2/repository/org/bouncycastle/bcpkix-jdk15on/1.64/bcpkix-jdk15on-1.64.jar:/Users/danielnicholson/.m2/repository/org/bouncycastle/bcprov-jdk15on/1.64/bcprov-jdk15on-1.64.jar:/Users/danielnicholson/.m2/repository/org/slf4j/jcl-over-slf4j/1.7.30/jcl-over-slf4j-1.7.30.jar:/Users/danielnicholson/.m2/repository/com/github/docker-java/docker-java-transport-httpclient5/3.3.0/docker-java-transport-httpclient5-3.3.0.jar:/Users/danielnicholson/.m2/repository/com/github/docker-java/docker-java-transport/3.3.0/docker-java-transport-3.3.0.jar:/Users/danielnicholson/.m2/repository/net/java/dev/jna/jna/5.12.1/jna-5.12.1.jar:/Users/danielnicholson/.m2/repository/org/brotli/dec/0.1.2/dec-0.1.2.jar:/Users/danielnicholson/.m2/repository/org/apache/commons/commons-lang3/3.12.0/commons-lang3-3.12.0.jar:/Users/danielnicholson/.m2/repository/org/apache/httpcomponents/client5/httpclient5/5.2.1/httpclient5-5.2.1.jar:/Users/danielnicholson/.m2/repository/org/apache/httpcomponents/core5/httpcore5/5.2/httpcore5-5.2.jar:/Users/danielnicholson/.m2/repository/org/apache/httpcomponents/core5/httpcore5-h2/5.2/httpcore5-h2-5.2.jar:/Users/danielnicholson/.m2/repository/org/testng/testng/7.6.0/testng-7.6.0.jar:/Users/danielnicholson/.m2/repository/com/google/code/findbugs/jsr305/3.0.2/jsr305-3.0.2.jar:/Users/danielnicholson/.m2/repository/com/beust/jcommander/1.82/jcommander-1.82.jar:/Users/danielnicholson/.m2/repository/org/webjars/jquery/3.6.0/jquery-3.6.0.jar:/Users/danielnicholson/.m2/repository/org/apache/logging/log4j/log4j-api/2.20.0/log4j-api-2.20.0.jar:/Users/danielnicholson/.m2/repository/org/apache/logging/log4j/log4j-core/2.20.0/log4j-core-2.20.0.jar:"/>
    <property name="java.vm.vendor" value="Homebrew"/>
    <property name="sun.arch.data.model" value="64"/>
    <property name="java.vendor.url" value="https://github.com/Homebrew/homebrew-core/issues"/>
    <property name="user.timezone" value="America/Chicago"/>
    <property name="os.name" value="Mac OS X"/>
    <property name="java.vm.specification.version" value="20"/>
    <property name="sun.java.launcher" value="SUN_STANDARD"/>
    <property name="user.country" value="US"/>
    <property name="sun.boot.library.path" value="/opt/homebrew/Cellar/openjdk/20.0.1/libexec/openjdk.jdk/Contents/Home/lib"/>
    <property name="sun.java.command" value="/Users/danielnicholson/Desktop/Project/Atrium/target/surefire/surefirebooter-20230719160543123_3.jar /Users/danielnicholson/Desktop/Project/Atrium/target/surefire 2023-07-19T16-05-43_081-jvmRun1 surefire-20230719160543123_1tmp surefire_0-20230719160543123_2tmp"/>
    <property name="http.nonProxyHosts" value="local|*.local|169.254/16|*.169.254/16"/>
    <property name="jdk.debug" value="release"/>
    <property name="surefire.test.class.path" value="/Users/danielnicholson/Desktop/Project/Atrium/target/test-classes:/Users/danielnicholson/Desktop/Project/Atrium/target/classes:/Users/danielnicholson/.m2/repository/org/seleniumhq/selenium/selenium-java/4.9.1/selenium-java-4.9.1.jar:/Users/danielnicholson/.m2/repository/org/seleniumhq/selenium/selenium-api/4.9.1/selenium-api-4.9.1.jar:/Users/danielnicholson/.m2/repository/org/seleniumhq/selenium/selenium-chrome-driver/4.9.1/selenium-chrome-driver-4.9.1.jar:/Users/danielnicholson/.m2/repository/com/google/auto/service/auto-service-annotations/1.0.1/auto-service-annotations-1.0.1.jar:/Users/danielnicholson/.m2/repository/com/google/auto/service/auto-service/1.0.1/auto-service-1.0.1.jar:/Users/danielnicholson/.m2/repository/com/google/auto/auto-common/1.2/auto-common-1.2.jar:/Users/danielnicholson/.m2/repository/com/google/guava/guava/31.1-jre/guava-31.1-jre.jar:/Users/danielnicholson/.m2/repository/com/google/guava/failureaccess/1.0.1/failureaccess-1.0.1.jar:/Users/danielnicholson/.m2/repository/com/google/guava/listenablefuture/9999.0-empty-to-avoid-conflict-with-guava/listenablefuture-9999.0-empty-to-avoid-conflict-with-guava.jar:/Users/danielnicholson/.m2/repository/org/checkerframework/checker-qual/3.12.0/checker-qual-3.12.0.jar:/Users/danielnicholson/.m2/repository/com/google/errorprone/error_prone_annotations/2.11.0/error_prone_annotations-2.11.0.jar:/Users/danielnicholson/.m2/repository/com/google/j2objc/j2objc-annotations/1.3/j2objc-annotations-1.3.jar:/Users/danielnicholson/.m2/repository/org/seleniumhq/selenium/selenium-chromium-driver/4.9.1/selenium-chromium-driver-4.9.1.jar:/Users/danielnicholson/.m2/repository/org/seleniumhq/selenium/selenium-json/4.9.1/selenium-json-4.9.1.jar:/Users/danielnicholson/.m2/repository/org/seleniumhq/selenium/selenium-manager/4.9.1/selenium-manager-4.9.1.jar:/Users/danielnicholson/.m2/repository/org/seleniumhq/selenium/selenium-devtools-v111/4.9.1/selenium-devtools-v111-4.9.1.jar:/Users/danielnicholson/.m2/repository/org/seleniumhq/selenium/selenium-devtools-v112/4.9.1/selenium-devtools-v112-4.9.1.jar:/Users/danielnicholson/.m2/repository/org/seleniumhq/selenium/selenium-devtools-v113/4.9.1/selenium-devtools-v113-4.9.1.jar:/Users/danielnicholson/.m2/repository/org/seleniumhq/selenium/selenium-devtools-v85/4.9.1/selenium-devtools-v85-4.9.1.jar:/Users/danielnicholson/.m2/repository/org/seleniumhq/selenium/selenium-edge-driver/4.9.1/selenium-edge-driver-4.9.1.jar:/Users/danielnicholson/.m2/repository/org/seleniumhq/selenium/selenium-firefox-driver/4.9.1/selenium-firefox-driver-4.9.1.jar:/Users/danielnicholson/.m2/repository/org/seleniumhq/selenium/selenium-http/4.9.1/selenium-http-4.9.1.jar:/Users/danielnicholson/.m2/repository/dev/failsafe/failsafe/3.3.1/failsafe-3.3.1.jar:/Users/danielnicholson/.m2/repository/org/seleniumhq/selenium/selenium-ie-driver/4.9.1/selenium-ie-driver-4.9.1.jar:/Users/danielnicholson/.m2/repository/org/seleniumhq/selenium/selenium-remote-driver/4.9.1/selenium-remote-driver-4.9.1.jar:/Users/danielnicholson/.m2/repository/io/netty/netty-buffer/4.1.91.Final/netty-buffer-4.1.91.Final.jar:/Users/danielnicholson/.m2/repository/io/netty/netty-codec-http/4.1.91.Final/netty-codec-http-4.1.91.Final.jar:/Users/danielnicholson/.m2/repository/io/netty/netty-codec/4.1.91.Final/netty-codec-4.1.91.Final.jar:/Users/danielnicholson/.m2/repository/io/netty/netty-handler/4.1.91.Final/netty-handler-4.1.91.Final.jar:/Users/danielnicholson/.m2/repository/io/netty/netty-common/4.1.91.Final/netty-common-4.1.91.Final.jar:/Users/danielnicholson/.m2/repository/io/netty/netty-transport-classes-epoll/4.1.91.Final/netty-transport-classes-epoll-4.1.91.Final.jar:/Users/danielnicholson/.m2/repository/io/netty/netty-transport-classes-kqueue/4.1.91.Final/netty-transport-classes-kqueue-4.1.91.Final.jar:/Users/danielnicholson/.m2/repository/io/netty/netty-transport-native-epoll/4.1.91.Final/netty-transport-native-epoll-4.1.91.Final.jar:/Users/danielnicholson/.m2/repository/io/netty/netty-transport-native-kqueue/4.1.91.Final/netty-transport-native-kqueue-4.1.91.Final.jar:/Users/danielnicholson/.m2/repository/io/netty/netty-transport-native-unix-common/4.1.91.Final/netty-transport-native-unix-common-4.1.91.Final.jar:/Users/danielnicholson/.m2/repository/io/netty/netty-transport/4.1.91.Final/netty-transport-4.1.91.Final.jar:/Users/danielnicholson/.m2/repository/io/netty/netty-resolver/4.1.91.Final/netty-resolver-4.1.91.Final.jar:/Users/danielnicholson/.m2/repository/io/opentelemetry/opentelemetry-api/1.25.0/opentelemetry-api-1.25.0.jar:/Users/danielnicholson/.m2/repository/io/opentelemetry/opentelemetry-context/1.25.0/opentelemetry-context-1.25.0.jar:/Users/danielnicholson/.m2/repository/io/opentelemetry/opentelemetry-exporter-logging/1.25.0/opentelemetry-exporter-logging-1.25.0.jar:/Users/danielnicholson/.m2/repository/io/opentelemetry/opentelemetry-sdk-metrics/1.25.0/opentelemetry-sdk-metrics-1.25.0.jar:/Users/danielnicholson/.m2/repository/io/opentelemetry/opentelemetry-sdk-logs/1.25.0-alpha/opentelemetry-sdk-logs-1.25.0-alpha.jar:/Users/danielnicholson/.m2/repository/io/opentelemetry/opentelemetry-api-logs/1.25.0-alpha/opentelemetry-api-logs-1.25.0-alpha.jar:/Users/danielnicholson/.m2/repository/io/opentelemetry/opentelemetry-api-events/1.25.0-alpha/opentelemetry-api-events-1.25.0-alpha.jar:/Users/danielnicholson/.m2/repository/io/opentelemetry/opentelemetry-sdk-common/1.25.0/opentelemetry-sdk-common-1.25.0.jar:/Users/danielnicholson/.m2/repository/io/opentelemetry/opentelemetry-sdk-extension-autoconfigure-spi/1.25.0/opentelemetry-sdk-extension-autoconfigure-spi-1.25.0.jar:/Users/danielnicholson/.m2/repository/io/opentelemetry/opentelemetry-sdk-extension-autoconfigure/1.25.0-alpha/opentelemetry-sdk-extension-autoconfigure-1.25.0-alpha.jar:/Users/danielnicholson/.m2/repository/io/opentelemetry/opentelemetry-sdk-trace/1.25.0/opentelemetry-sdk-trace-1.25.0.jar:/Users/danielnicholson/.m2/repository/io/opentelemetry/opentelemetry-sdk/1.25.0/opentelemetry-sdk-1.25.0.jar:/Users/danielnicholson/.m2/repository/io/opentelemetry/opentelemetry-semconv/1.25.0-alpha/opentelemetry-semconv-1.25.0-alpha.jar:/Users/danielnicholson/.m2/repository/io/ous/jtoml/2.0.0/jtoml-2.0.0.jar:/Users/danielnicholson/.m2/repository/net/bytebuddy/byte-buddy/1.14.4/byte-buddy-1.14.4.jar:/Users/danielnicholson/.m2/repository/org/apache/commons/commons-exec/1.3/commons-exec-1.3.jar:/Users/danielnicholson/.m2/repository/org/asynchttpclient/async-http-client/2.12.3/async-http-client-2.12.3.jar:/Users/danielnicholson/.m2/repository/org/asynchttpclient/async-http-client-netty-utils/2.12.3/async-http-client-netty-utils-2.12.3.jar:/Users/danielnicholson/.m2/repository/io/netty/netty-codec-socks/4.1.60.Final/netty-codec-socks-4.1.60.Final.jar:/Users/danielnicholson/.m2/repository/io/netty/netty-handler-proxy/4.1.60.Final/netty-handler-proxy-4.1.60.Final.jar:/Users/danielnicholson/.m2/repository/io/netty/netty-transport-native-epoll/4.1.60.Final/netty-transport-native-epoll-4.1.60.Final-linux-x86_64.jar:/Users/danielnicholson/.m2/repository/io/netty/netty-transport-native-kqueue/4.1.60.Final/netty-transport-native-kqueue-4.1.60.Final-osx-x86_64.jar:/Users/danielnicholson/.m2/repository/org/reactivestreams/reactive-streams/1.0.3/reactive-streams-1.0.3.jar:/Users/danielnicholson/.m2/repository/com/typesafe/netty/netty-reactive-streams/2.0.4/netty-reactive-streams-2.0.4.jar:/Users/danielnicholson/.m2/repository/com/sun/activation/jakarta.activation/1.2.2/jakarta.activation-1.2.2.jar:/Users/danielnicholson/.m2/repository/org/seleniumhq/selenium/selenium-safari-driver/4.9.1/selenium-safari-driver-4.9.1.jar:/Users/danielnicholson/.m2/repository/org/seleniumhq/selenium/selenium-support/4.9.1/selenium-support-4.9.1.jar:/Users/danielnicholson/.m2/repository/io/github/bonigarcia/webdrivermanager/5.3.3/webdrivermanager-5.3.3.jar:/Users/danielnicholson/.m2/repository/org/slf4j/slf4j-api/2.0.7/slf4j-api-2.0.7.jar:/Users/danielnicholson/.m2/repository/com/google/code/gson/gson/2.10.1/gson-2.10.1.jar:/Users/danielnicholson/.m2/repository/com/github/docker-java/docker-java/3.3.0/docker-java-3.3.0.jar:/Users/danielnicholson/.m2/repository/com/github/docker-java/docker-java-core/3.3.0/docker-java-core-3.3.0.jar:/Users/danielnicholson/.m2/repository/com/github/docker-java/docker-java-api/3.3.0/docker-java-api-3.3.0.jar:/Users/danielnicholson/.m2/repository/com/fasterxml/jackson/core/jackson-annotations/2.10.3/jackson-annotations-2.10.3.jar:/Users/danielnicholson/.m2/repository/commons-io/commons-io/2.6/commons-io-2.6.jar:/Users/danielnicholson/.m2/repository/org/apache/commons/commons-compress/1.21/commons-compress-1.21.jar:/Users/danielnicholson/.m2/repository/com/fasterxml/jackson/core/jackson-databind/2.10.3/jackson-databind-2.10.3.jar:/Users/danielnicholson/.m2/repository/com/fasterxml/jackson/core/jackson-core/2.10.3/jackson-core-2.10.3.jar:/Users/danielnicholson/.m2/repository/org/bouncycastle/bcpkix-jdk15on/1.64/bcpkix-jdk15on-1.64.jar:/Users/danielnicholson/.m2/repository/org/bouncycastle/bcprov-jdk15on/1.64/bcprov-jdk15on-1.64.jar:/Users/danielnicholson/.m2/repository/org/slf4j/jcl-over-slf4j/1.7.30/jcl-over-slf4j-1.7.30.jar:/Users/danielnicholson/.m2/repository/com/github/docker-java/docker-java-transport-httpclient5/3.3.0/docker-java-transport-httpclient5-3.3.0.jar:/Users/danielnicholson/.m2/repository/com/github/docker-java/docker-java-transport/3.3.0/docker-java-transport-3.3.0.jar:/Users/danielnicholson/.m2/repository/net/java/dev/jna/jna/5.12.1/jna-5.12.1.jar:/Users/danielnicholson/.m2/repository/org/brotli/dec/0.1.2/dec-0.1.2.jar:/Users/danielnicholson/.m2/repository/org/apache/commons/commons-lang3/3.12.0/commons-lang3-3.12.0.jar:/Users/danielnicholson/.m2/repository/org/apache/httpcomponents/client5/httpclient5/5.2.1/httpclient5-5.2.1.jar:/Users/danielnicholson/.m2/repository/org/apache/httpcomponents/core5/httpcore5/5.2/httpcore5-5.2.jar:/Users/danielnicholson/.m2/repository/org/apache/httpcomponents/core5/httpcore5-h2/5.2/httpcore5-h2-5.2.jar:/Users/danielnicholson/.m2/repository/org/testng/testng/7.6.0/testng-7.6.0.jar:/Users/danielnicholson/.m2/repository/com/google/code/findbugs/jsr305/3.0.2/jsr305-3.0.2.jar:/Users/danielnicholson/.m2/repository/com/beust/jcommander/1.82/jcommander-1.82.jar:/Users/danielnicholson/.m2/repository/org/webjars/jquery/3.6.0/jquery-3.6.0.jar:/Users/danielnicholson/.m2/repository/org/apache/logging/log4j/log4j-api/2.20.0/log4j-api-2.20.0.jar:/Users/danielnicholson/.m2/repository/org/apache/logging/log4j/log4j-core/2.20.0/log4j-core-2.20.0.jar:"/>
    <property name="sun.cpu.endian" value="little"/>
    <property name="user.home" value="/Users/danielnicholson"/>
    <property name="user.language" value="en"/>
    <property name="java.specification.vendor" value="Oracle Corporation"/>
    <property name="java.version.date" value="2023-04-18"/>
    <property name="java.home" value="/opt/homebrew/Cellar/openjdk/20.0.1/libexec/openjdk.jdk/Contents/Home"/>
    <property name="file.separator" value="/"/>
    <property name="basedir" value="/Users/danielnicholson/Desktop/Project/Atrium"/>
    <property name="java.vm.compressedOopsMode" value="Zero based"/>
    <property name="line.separator" value="&#10;"/>
    <property name="java.vm.specification.vendor" value="Oracle Corporation"/>
    <property name="java.specification.name" value="Java Platform API Specification"/>
    <property name="apple.awt.application.name" value="ForkedBooter"/>
    <property name="surefire.real.class.path" value="/Users/danielnicholson/Desktop/Project/Atrium/target/surefire/surefirebooter-20230719160543123_3.jar"/>
    <property name="sun.management.compiler" value="HotSpot 64-Bit Tiered Compilers"/>
    <property name="ftp.nonProxyHosts" value="local|*.local|169.254/16|*.169.254/16"/>
    <property name="java.runtime.version" value="20.0.1"/>
    <property name="user.name" value="danielnicholson"/>
    <property name="stdout.encoding" value="UTF-8"/>
    <property name="path.separator" value=":"/>
    <property name="os.version" value="13.4"/>
    <property name="java.runtime.name" value="OpenJDK Runtime Environment"/>
    <property name="file.encoding" value="UTF-8"/>
    <property name="java.vm.name" value="OpenJDK 64-Bit Server VM"/>
    <property name="java.vendor.version" value="Homebrew"/>
    <property name="localRepository" value="/Users/danielnicholson/.m2/repository"/>
    <property name="java.vendor.url.bug" value="https://github.com/Homebrew/homebrew-core/issues"/>
    <property name="java.io.tmpdir" value="/var/folders/0q/50906hbj38xbn4d2lq_76rh80000gn/T/"/>
    <property name="java.version" value="20.0.1"/>
    <property name="user.dir" value="/Users/danielnicholson/Desktop/Project/Atrium"/>
    <property name="os.arch" value="aarch64"/>
    <property name="webdriver.gecko.driver" value="/Users/danielnicholson/.cache/selenium/geckodriver/mac-arm64/0.33.0/geckodriver"/>
    <property name="java.vm.specification.name" value="Java Virtual Machine Specification"/>
    <property name="native.encoding" value="UTF-8"/>
    <property name="java.library.path" value="/Users/danielnicholson/Library/Java/Extensions:/Library/Java/Extensions:/Network/Library/Java/Extensions:/System/Library/Java/Extensions:/usr/lib/java:."/>
    <property name="java.vm.info" value="mixed mode, sharing"/>
    <property name="stderr.encoding" value="UTF-8"/>
    <property name="java.vendor" value="Homebrew"/>
    <property name="java.vm.version" value="20.0.1"/>
    <property name="sun.io.unicode.encoding" value="UnicodeBig"/>
    <property name="socksNonProxyHosts" value="local|*.local|169.254/16|*.169.254/16"/>
    <property name="java.class.version" value="64.0"/>
  </properties>
  <testcase name="multipleWindowTests" classname="com.herokuapp.test.multiplewindows.MultipleWindowsTest" time="0.094">
    <system-out><![CDATA[[TestNG-tests-2] 16:05:44,625 INFO5 [Firefox Regression 33] Create driver: firefox
[TestNG-tests-1] 16:05:44,805 DEBUG5 [InternalLoggerFactory] Using Log4J2 as the default logging framework
[TestNG-tests-1] 16:05:44,807 DEBUG5 [ResourceLeakDetector] -Dio.netty.leakDetection.level: simple
[TestNG-tests-1] 16:05:44,807 DEBUG5 [ResourceLeakDetector] -Dio.netty.leakDetection.targetRecords: 4
[TestNG-tests-1] 16:05:44,808 DEBUG5 [ResourceLeakDetectorFactory] Loaded default ResourceLeakDetector: io.netty.util.ResourceLeakDetector@25ed0e61
[TestNG-tests-1] 16:05:44,814 DEBUG5 [PlatformDependent0] -Dio.netty.noUnsafe: false
[TestNG-tests-1] 16:05:44,814 DEBUG5 [PlatformDependent0] Java version: 20
[TestNG-tests-1] 16:05:44,814 DEBUG5 [PlatformDependent0] sun.misc.Unsafe.theUnsafe: available
[TestNG-tests-1] 16:05:44,815 DEBUG5 [PlatformDependent0] sun.misc.Unsafe.copyMemory: available
[TestNG-tests-1] 16:05:44,815 DEBUG5 [PlatformDependent0] sun.misc.Unsafe.storeFence: available
[TestNG-tests-1] 16:05:44,815 DEBUG5 [PlatformDependent0] java.nio.Buffer.address: available
[TestNG-tests-1] 16:05:44,815 DEBUG5 [PlatformDependent0] direct buffer constructor: unavailable
java.lang.UnsupportedOperationException: Reflective setAccessible(true) disabled
	at io.netty.util.internal.ReflectionUtil.trySetAccessible(ReflectionUtil.java:31) ~[netty-common-4.1.91.Final.jar:4.1.91.Final]
	at io.netty.util.internal.PlatformDependent0$5.run(PlatformDependent0.java:288) ~[netty-common-4.1.91.Final.jar:4.1.91.Final]
	at java.security.AccessController.doPrivileged(AccessController.java:319) ~[?:?]
	at io.netty.util.internal.PlatformDependent0.<clinit>(PlatformDependent0.java:282) ~[netty-common-4.1.91.Final.jar:4.1.91.Final]
	at io.netty.util.internal.PlatformDependent.isAndroid(PlatformDependent.java:333) ~[netty-common-4.1.91.Final.jar:4.1.91.Final]
	at io.netty.util.internal.PlatformDependent.<clinit>(PlatformDependent.java:88) ~[netty-common-4.1.91.Final.jar:4.1.91.Final]
	at io.netty.util.HashedWheelTimer.<init>(HashedWheelTimer.java:114) ~[netty-common-4.1.91.Final.jar:4.1.91.Final]
	at io.netty.util.HashedWheelTimer.<init>(HashedWheelTimer.java:251) ~[netty-common-4.1.91.Final.jar:4.1.91.Final]
	at io.netty.util.HashedWheelTimer.<init>(HashedWheelTimer.java:224) ~[netty-common-4.1.91.Final.jar:4.1.91.Final]
	at io.netty.util.HashedWheelTimer.<init>(HashedWheelTimer.java:203) ~[netty-common-4.1.91.Final.jar:4.1.91.Final]
	at org.asynchttpclient.DefaultAsyncHttpClient.newNettyTimer(DefaultAsyncHttpClient.java:111) ~[async-http-client-2.12.3.jar:?]
	at org.asynchttpclient.DefaultAsyncHttpClient.<init>(DefaultAsyncHttpClient.java:90) ~[async-http-client-2.12.3.jar:?]
	at org.asynchttpclient.Dsl.asyncHttpClient(Dsl.java:32) ~[async-http-client-2.12.3.jar:?]
	at org.openqa.selenium.remote.http.netty.NettyClient.createHttpClient(NettyClient.java:94) ~[selenium-remote-driver-4.9.1.jar:?]
	at org.openqa.selenium.remote.http.netty.NettyClient.<clinit>(NettyClient.java:47) ~[selenium-remote-driver-4.9.1.jar:?]
	at org.openqa.selenium.remote.http.netty.NettyClient$Factory.createClient(NettyClient.java:135) ~[selenium-remote-driver-4.9.1.jar:?]
	at org.openqa.selenium.remote.HttpCommandExecutor.<init>(HttpCommandExecutor.java:116) ~[selenium-remote-driver-4.9.1.jar:?]
	at org.openqa.selenium.remote.HttpCommandExecutor.<init>(HttpCommandExecutor.java:94) ~[selenium-remote-driver-4.9.1.jar:?]
	at org.openqa.selenium.remote.service.DriverCommandExecutor.<init>(DriverCommandExecutor.java:88) ~[selenium-remote-driver-4.9.1.jar:?]
	at org.openqa.selenium.chromium.ChromiumDriverCommandExecutor.<init>(ChromiumDriverCommandExecutor.java:40) ~[selenium-chromium-driver-4.9.1.jar:?]
	at org.openqa.selenium.chrome.ChromeDriver$ChromeDriverCommandExecutor.<init>(ChromeDriver.java:111) ~[selenium-chrome-driver-4.9.1.jar:?]
	at org.openqa.selenium.chrome.ChromeDriver.generateExecutor(ChromeDriver.java:101) ~[selenium-chrome-driver-4.9.1.jar:?]
	at org.openqa.selenium.chrome.ChromeDriver.<init>(ChromeDriver.java:88) ~[selenium-chrome-driver-4.9.1.jar:?]
	at org.openqa.selenium.chrome.ChromeDriver.<init>(ChromeDriver.java:84) ~[selenium-chrome-driver-4.9.1.jar:?]
	at org.openqa.selenium.chrome.ChromeDriver.<init>(ChromeDriver.java:52) ~[selenium-chrome-driver-4.9.1.jar:?]
	at com.herokuapp.utils.browserdriverfactory.BrowserDriverFactory.createDriver(BrowserDriverFactory.java:27) ~[test-classes/:?]
	at com.herokuapp.utils.base.BaseTest.setUp(BaseTest.java:27) ~[test-classes/:?]
	at jdk.internal.reflect.DirectMethodHandleAccessor.invoke(DirectMethodHandleAccessor.java:104) ~[?:?]
	at java.lang.reflect.Method.invoke(Method.java:578) ~[?:?]
	at org.testng.internal.invokers.MethodInvocationHelper.invokeMethod(MethodInvocationHelper.java:139) ~[testng-7.6.0.jar:7.6.0]
	at org.testng.internal.invokers.MethodInvocationHelper.invokeMethodConsideringTimeout(MethodInvocationHelper.java:69) ~[testng-7.6.0.jar:7.6.0]
	at org.testng.internal.invokers.ConfigInvoker.invokeConfigurationMethod(ConfigInvoker.java:361) ~[testng-7.6.0.jar:7.6.0]
	at org.testng.internal.invokers.ConfigInvoker.invokeConfigurations(ConfigInvoker.java:296) ~[testng-7.6.0.jar:7.6.0]
	at org.testng.internal.invokers.TestMethodWorker.invokeBeforeClassMethods(TestMethodWorker.java:180) ~[testng-7.6.0.jar:7.6.0]
	at org.testng.internal.invokers.TestMethodWorker.run(TestMethodWorker.java:122) ~[testng-7.6.0.jar:7.6.0]
	at java.util.ArrayList.forEach(ArrayList.java:1511) ~[?:?]
	at org.testng.TestRunner.privateRun(TestRunner.java:806) ~[testng-7.6.0.jar:7.6.0]
	at org.testng.TestRunner.run(TestRunner.java:601) ~[testng-7.6.0.jar:7.6.0]
	at org.testng.SuiteRunner.runTest(SuiteRunner.java:433) ~[testng-7.6.0.jar:7.6.0]
	at org.testng.SuiteRunner$SuiteWorker.run(SuiteRunner.java:471) ~[testng-7.6.0.jar:7.6.0]
	at org.testng.internal.thread.ThreadUtil.lambda$execute$0(ThreadUtil.java:58) ~[testng-7.6.0.jar:7.6.0]
	at java.util.concurrent.FutureTask.run(FutureTask.java:317) ~[?:?]
	at java.util.concurrent.ThreadPoolExecutor.runWorker(ThreadPoolExecutor.java:1144) ~[?:?]
	at java.util.concurrent.ThreadPoolExecutor$Worker.run(ThreadPoolExecutor.java:642) ~[?:?]
	at java.lang.Thread.run(Thread.java:1623) [?:?]
[TestNG-tests-1] 16:05:44,819 DEBUG5 [PlatformDependent0] java.nio.Bits.unaligned: available, true
[TestNG-tests-1] 16:05:44,819 DEBUG5 [PlatformDependent0] jdk.internal.misc.Unsafe.allocateUninitializedArray(int): unavailable
java.lang.IllegalAccessException: class io.netty.util.internal.PlatformDependent0$7 cannot access class jdk.internal.misc.Unsafe (in module java.base) because module java.base does not export jdk.internal.misc to unnamed module @3f3e6f71
	at jdk.internal.reflect.Reflection.newIllegalAccessException(Reflection.java:394) ~[?:?]
	at java.lang.reflect.AccessibleObject.checkAccess(AccessibleObject.java:709) ~[?:?]
	at java.lang.reflect.Method.invoke(Method.java:569) ~[?:?]
	at io.netty.util.internal.PlatformDependent0$7.run(PlatformDependent0.java:410) ~[netty-common-4.1.91.Final.jar:4.1.91.Final]
	at java.security.AccessController.doPrivileged(AccessController.java:319) ~[?:?]
	at io.netty.util.internal.PlatformDependent0.<clinit>(PlatformDependent0.java:401) ~[netty-common-4.1.91.Final.jar:4.1.91.Final]
	at io.netty.util.internal.PlatformDependent.isAndroid(PlatformDependent.java:333) ~[netty-common-4.1.91.Final.jar:4.1.91.Final]
	at io.netty.util.internal.PlatformDependent.<clinit>(PlatformDependent.java:88) ~[netty-common-4.1.91.Final.jar:4.1.91.Final]
	at io.netty.util.HashedWheelTimer.<init>(HashedWheelTimer.java:114) ~[netty-common-4.1.91.Final.jar:4.1.91.Final]
	at io.netty.util.HashedWheelTimer.<init>(HashedWheelTimer.java:251) ~[netty-common-4.1.91.Final.jar:4.1.91.Final]
	at io.netty.util.HashedWheelTimer.<init>(HashedWheelTimer.java:224) ~[netty-common-4.1.91.Final.jar:4.1.91.Final]
	at io.netty.util.HashedWheelTimer.<init>(HashedWheelTimer.java:203) ~[netty-common-4.1.91.Final.jar:4.1.91.Final]
	at org.asynchttpclient.DefaultAsyncHttpClient.newNettyTimer(DefaultAsyncHttpClient.java:111) ~[async-http-client-2.12.3.jar:?]
	at org.asynchttpclient.DefaultAsyncHttpClient.<init>(DefaultAsyncHttpClient.java:90) ~[async-http-client-2.12.3.jar:?]
	at org.asynchttpclient.Dsl.asyncHttpClient(Dsl.java:32) ~[async-http-client-2.12.3.jar:?]
	at org.openqa.selenium.remote.http.netty.NettyClient.createHttpClient(NettyClient.java:94) ~[selenium-remote-driver-4.9.1.jar:?]
	at org.openqa.selenium.remote.http.netty.NettyClient.<clinit>(NettyClient.java:47) ~[selenium-remote-driver-4.9.1.jar:?]
	at org.openqa.selenium.remote.http.netty.NettyClient$Factory.createClient(NettyClient.java:135) ~[selenium-remote-driver-4.9.1.jar:?]
	at org.openqa.selenium.remote.HttpCommandExecutor.<init>(HttpCommandExecutor.java:116) ~[selenium-remote-driver-4.9.1.jar:?]
	at org.openqa.selenium.remote.HttpCommandExecutor.<init>(HttpCommandExecutor.java:94) ~[selenium-remote-driver-4.9.1.jar:?]
	at org.openqa.selenium.remote.service.DriverCommandExecutor.<init>(DriverCommandExecutor.java:88) ~[selenium-remote-driver-4.9.1.jar:?]
	at org.openqa.selenium.chromium.ChromiumDriverCommandExecutor.<init>(ChromiumDriverCommandExecutor.java:40) ~[selenium-chromium-driver-4.9.1.jar:?]
	at org.openqa.selenium.chrome.ChromeDriver$ChromeDriverCommandExecutor.<init>(ChromeDriver.java:111) ~[selenium-chrome-driver-4.9.1.jar:?]
	at org.openqa.selenium.chrome.ChromeDriver.generateExecutor(ChromeDriver.java:101) ~[selenium-chrome-driver-4.9.1.jar:?]
	at org.openqa.selenium.chrome.ChromeDriver.<init>(ChromeDriver.java:88) ~[selenium-chrome-driver-4.9.1.jar:?]
	at org.openqa.selenium.chrome.ChromeDriver.<init>(ChromeDriver.java:84) ~[selenium-chrome-driver-4.9.1.jar:?]
	at org.openqa.selenium.chrome.ChromeDriver.<init>(ChromeDriver.java:52) ~[selenium-chrome-driver-4.9.1.jar:?]
	at com.herokuapp.utils.browserdriverfactory.BrowserDriverFactory.createDriver(BrowserDriverFactory.java:27) ~[test-classes/:?]
	at com.herokuapp.utils.base.BaseTest.setUp(BaseTest.java:27) ~[test-classes/:?]
	at jdk.internal.reflect.DirectMethodHandleAccessor.invoke(DirectMethodHandleAccessor.java:104) ~[?:?]
	at java.lang.reflect.Method.invoke(Method.java:578) ~[?:?]
	at org.testng.internal.invokers.MethodInvocationHelper.invokeMethod(MethodInvocationHelper.java:139) ~[testng-7.6.0.jar:7.6.0]
	at org.testng.internal.invokers.MethodInvocationHelper.invokeMethodConsideringTimeout(MethodInvocationHelper.java:69) ~[testng-7.6.0.jar:7.6.0]
	at org.testng.internal.invokers.ConfigInvoker.invokeConfigurationMethod(ConfigInvoker.java:361) ~[testng-7.6.0.jar:7.6.0]
	at org.testng.internal.invokers.ConfigInvoker.invokeConfigurations(ConfigInvoker.java:296) ~[testng-7.6.0.jar:7.6.0]
	at org.testng.internal.invokers.TestMethodWorker.invokeBeforeClassMethods(TestMethodWorker.java:180) ~[testng-7.6.0.jar:7.6.0]
	at org.testng.internal.invokers.TestMethodWorker.run(TestMethodWorker.java:122) ~[testng-7.6.0.jar:7.6.0]
	at java.util.ArrayList.forEach(ArrayList.java:1511) ~[?:?]
	at org.testng.TestRunner.privateRun(TestRunner.java:806) ~[testng-7.6.0.jar:7.6.0]
	at org.testng.TestRunner.run(TestRunner.java:601) ~[testng-7.6.0.jar:7.6.0]
	at org.testng.SuiteRunner.runTest(SuiteRunner.java:433) ~[testng-7.6.0.jar:7.6.0]
	at org.testng.SuiteRunner$SuiteWorker.run(SuiteRunner.java:471) ~[testng-7.6.0.jar:7.6.0]
	at org.testng.internal.thread.ThreadUtil.lambda$execute$0(ThreadUtil.java:58) ~[testng-7.6.0.jar:7.6.0]
	at java.util.concurrent.FutureTask.run(FutureTask.java:317) ~[?:?]
	at java.util.concurrent.ThreadPoolExecutor.runWorker(ThreadPoolExecutor.java:1144) ~[?:?]
	at java.util.concurrent.ThreadPoolExecutor$Worker.run(ThreadPoolExecutor.java:642) ~[?:?]
	at java.lang.Thread.run(Thread.java:1623) [?:?]
[TestNG-tests-1] 16:05:44,820 DEBUG5 [PlatformDependent0] java.nio.DirectByteBuffer.<init>(long, int): unavailable
[TestNG-tests-1] 16:05:44,820 DEBUG5 [PlatformDependent] sun.misc.Unsafe: available
[TestNG-tests-1] 16:05:44,820 DEBUG5 [PlatformDependent] maxDirectMemory: 6442450944 bytes (maybe)
[TestNG-tests-1] 16:05:44,821 DEBUG5 [PlatformDependent] -Dio.netty.tmpdir: /var/folders/0q/50906hbj38xbn4d2lq_76rh80000gn/T (java.io.tmpdir)
[TestNG-tests-1] 16:05:44,821 DEBUG5 [PlatformDependent] -Dio.netty.bitMode: 64 (sun.arch.data.model)
[TestNG-tests-1] 16:05:44,821 DEBUG5 [PlatformDependent] Platform: MacOS
[TestNG-tests-1] 16:05:44,821 DEBUG5 [PlatformDependent] -Dio.netty.maxDirectMemory: -1 bytes
[TestNG-tests-1] 16:05:44,821 DEBUG5 [PlatformDependent] -Dio.netty.uninitializedArrayAllocationThreshold: -1
[TestNG-tests-1] 16:05:44,822 DEBUG5 [CleanerJava9] java.nio.ByteBuffer.cleaner(): available
[TestNG-tests-1] 16:05:44,822 DEBUG5 [PlatformDependent] -Dio.netty.noPreferDirect: false
[TestNG-tests-1] 16:05:44,824 DEBUG5 [PlatformDependent] org.jctools-core.MpscChunkedArrayQueue: available
[TestNG-tests-1] 16:05:44,834 DEBUG5 [InternalThreadLocalMap] -Dio.netty.threadLocalMap.stringBuilder.initialSize: 1024
[TestNG-tests-1] 16:05:44,834 DEBUG5 [InternalThreadLocalMap] -Dio.netty.threadLocalMap.stringBuilder.maxSize: 4096
[TestNG-tests-1] 16:05:44,838 DEBUG5 [JdkSslContext] Default protocols (JDK): [TLSv1.3, TLSv1.2] 
[TestNG-tests-1] 16:05:44,838 DEBUG5 [JdkSslContext] Default cipher suites (JDK): [TLS_ECDHE_ECDSA_WITH_AES_256_GCM_SHA384, TLS_ECDHE_ECDSA_WITH_AES_128_GCM_SHA256, TLS_ECDHE_RSA_WITH_AES_128_GCM_SHA256, TLS_ECDHE_RSA_WITH_AES_256_GCM_SHA384, TLS_ECDHE_RSA_WITH_AES_128_CBC_SHA, TLS_ECDHE_RSA_WITH_AES_256_CBC_SHA, TLS_RSA_WITH_AES_128_GCM_SHA256, TLS_RSA_WITH_AES_128_CBC_SHA, TLS_RSA_WITH_AES_256_CBC_SHA, TLS_AES_128_GCM_SHA256, TLS_AES_256_GCM_SHA384]
[TestNG-tests-1] 16:05:44,842 DEBUG5 [GlobalEventExecutor] -Dio.netty.globalEventExecutor.quietPeriodSeconds: 1
[TestNG-tests-1] 16:05:44,846 DEBUG5 [MultithreadEventLoopGroup] -Dio.netty.eventLoopThreads: 16
[TestNG-tests-1] 16:05:44,849 DEBUG5 [NioEventLoop] -Dio.netty.noKeySetOptimization: false
[TestNG-tests-1] 16:05:44,849 DEBUG5 [NioEventLoop] -Dio.netty.selectorAutoRebuildThreshold: 512
[TestNG-tests-1] 16:05:44,852 TRACE5 [NioEventLoop] instrumented a special java.util.Set into: sun.nio.ch.KQueueSelectorImpl@726a1eea
[TestNG-tests-1] 16:05:44,852 TRACE5 [NioEventLoop] instrumented a special java.util.Set into: sun.nio.ch.KQueueSelectorImpl@5b71410f
[TestNG-tests-1] 16:05:44,852 TRACE5 [NioEventLoop] instrumented a special java.util.Set into: sun.nio.ch.KQueueSelectorImpl@3b4aa5da
[TestNG-tests-1] 16:05:44,852 TRACE5 [NioEventLoop] instrumented a special java.util.Set into: sun.nio.ch.KQueueSelectorImpl@470e2f7c
[TestNG-tests-1] 16:05:44,852 TRACE5 [NioEventLoop] instrumented a special java.util.Set into: sun.nio.ch.KQueueSelectorImpl@675310eb
[TestNG-tests-1] 16:05:44,852 TRACE5 [NioEventLoop] instrumented a special java.util.Set into: sun.nio.ch.KQueueSelectorImpl@36fb5c37
[TestNG-tests-1] 16:05:44,852 TRACE5 [NioEventLoop] instrumented a special java.util.Set into: sun.nio.ch.KQueueSelectorImpl@58f15b47
[TestNG-tests-1] 16:05:44,852 TRACE5 [NioEventLoop] instrumented a special java.util.Set into: sun.nio.ch.KQueueSelectorImpl@6eb2faea
[TestNG-tests-1] 16:05:44,852 TRACE5 [NioEventLoop] instrumented a special java.util.Set into: sun.nio.ch.KQueueSelectorImpl@11997b9f
[TestNG-tests-1] 16:05:44,852 TRACE5 [NioEventLoop] instrumented a special java.util.Set into: sun.nio.ch.KQueueSelectorImpl@7def877f
[TestNG-tests-1] 16:05:44,852 TRACE5 [NioEventLoop] instrumented a special java.util.Set into: sun.nio.ch.KQueueSelectorImpl@2f96c0e6
[TestNG-tests-1] 16:05:44,852 TRACE5 [NioEventLoop] instrumented a special java.util.Set into: sun.nio.ch.KQueueSelectorImpl@568a0a54
[TestNG-tests-1] 16:05:44,852 TRACE5 [NioEventLoop] instrumented a special java.util.Set into: sun.nio.ch.KQueueSelectorImpl@c15c699
[TestNG-tests-1] 16:05:44,852 TRACE5 [NioEventLoop] instrumented a special java.util.Set into: sun.nio.ch.KQueueSelectorImpl@dc07c1b
[TestNG-tests-1] 16:05:44,853 TRACE5 [NioEventLoop] instrumented a special java.util.Set into: sun.nio.ch.KQueueSelectorImpl@14c80cb5
[TestNG-tests-1] 16:05:44,853 TRACE5 [NioEventLoop] instrumented a special java.util.Set into: sun.nio.ch.KQueueSelectorImpl@12167cd2
[TestNG-tests-1] 16:05:44,860 DEBUG5 [PooledByteBufAllocator] -Dio.netty.allocator.numHeapArenas: 16
[TestNG-tests-1] 16:05:44,860 DEBUG5 [PooledByteBufAllocator] -Dio.netty.allocator.numDirectArenas: 16
[TestNG-tests-1] 16:05:44,860 DEBUG5 [PooledByteBufAllocator] -Dio.netty.allocator.pageSize: 8192
[TestNG-tests-1] 16:05:44,860 DEBUG5 [PooledByteBufAllocator] -Dio.netty.allocator.maxOrder: 9
[TestNG-tests-1] 16:05:44,860 DEBUG5 [PooledByteBufAllocator] -Dio.netty.allocator.chunkSize: 4194304
[TestNG-tests-1] 16:05:44,860 DEBUG5 [PooledByteBufAllocator] -Dio.netty.allocator.smallCacheSize: 256
[TestNG-tests-1] 16:05:44,860 DEBUG5 [PooledByteBufAllocator] -Dio.netty.allocator.normalCacheSize: 64
[TestNG-tests-1] 16:05:44,860 DEBUG5 [PooledByteBufAllocator] -Dio.netty.allocator.maxCachedBufferCapacity: 32768
[TestNG-tests-1] 16:05:44,860 DEBUG5 [PooledByteBufAllocator] -Dio.netty.allocator.cacheTrimInterval: 8192
[TestNG-tests-1] 16:05:44,860 DEBUG5 [PooledByteBufAllocator] -Dio.netty.allocator.cacheTrimIntervalMillis: 0
[TestNG-tests-1] 16:05:44,860 DEBUG5 [PooledByteBufAllocator] -Dio.netty.allocator.useCacheForAllThreads: false
[TestNG-tests-1] 16:05:44,860 DEBUG5 [PooledByteBufAllocator] -Dio.netty.allocator.maxCachedByteBuffersPerChunk: 1023
[TestNG-tests-1] 16:05:44,863 DEBUG5 [ByteBufUtil] -Dio.netty.allocator.type: pooled
[TestNG-tests-1] 16:05:44,863 DEBUG5 [ByteBufUtil] -Dio.netty.threadLocalDirectBufferSize: 0
[TestNG-tests-1] 16:05:44,864 DEBUG5 [ByteBufUtil] -Dio.netty.maxThreadLocalCharBufferSize: 16384
[Forwarding newSession on session null to remote] 16:05:44,989 DEBUG5 [DefaultChannelId] -Dio.netty.processId: 1859 (auto-detected)
[Forwarding newSession on session null to remote] 16:05:44,990 DEBUG5 [NetUtil] -Djava.net.preferIPv4Stack: false
[Forwarding newSession on session null to remote] 16:05:44,990 DEBUG5 [NetUtil] -Djava.net.preferIPv6Addresses: false
[Forwarding newSession on session null to remote] 16:05:44,992 DEBUG5 [NetUtilInitializations] Loopback interface: lo0 (lo0, 0:0:0:0:0:0:0:1%lo0)
[Forwarding newSession on session null to remote] 16:05:44,993 DEBUG5 [NetUtil] Failed to get SOMAXCONN from sysctl and file /proc/sys/net/core/somaxconn. Default: 128
[Forwarding newSession on session null to remote] 16:05:44,993 DEBUG5 [DefaultChannelId] -Dio.netty.machineId: a8:8f:d9:ff:fe:3d:56:e9 (auto-detected)
[AsyncHttpClient-1-2] 16:05:45,007 DEBUG5 [AbstractByteBuf] -Dio.netty.buffer.checkAccessible: true
[AsyncHttpClient-1-2] 16:05:45,008 DEBUG5 [AbstractByteBuf] -Dio.netty.buffer.checkBounds: true
[AsyncHttpClient-1-2] 16:05:45,008 DEBUG5 [ResourceLeakDetectorFactory] Loaded default ResourceLeakDetector: io.netty.util.ResourceLeakDetector@f6617ce
[AsyncHttpClient-1-2] 16:05:45,017 DEBUG5 [Recycler] -Dio.netty.recycler.maxCapacityPerThread: 4096
[AsyncHttpClient-1-2] 16:05:45,017 DEBUG5 [Recycler] -Dio.netty.recycler.ratio: 8
[AsyncHttpClient-1-2] 16:05:45,017 DEBUG5 [Recycler] -Dio.netty.recycler.chunkSize: 32
[AsyncHttpClient-1-2] 16:05:45,017 DEBUG5 [Recycler] -Dio.netty.recycler.blocking: false
[AsyncHttpClient-1-2] 16:05:45,017 DEBUG5 [Recycler] -Dio.netty.recycler.batchFastThreadLocalOnly: true
[AsyncHttpClient-1-3] 16:05:45,902 DEBUG5 [Brotli] brotli4j not in the classpath; Brotli support will be unavailable.
[TestNG-tests-1] 16:05:45,969 DEBUG5 [ThreadLocalRandom] -Dio.netty.initialSeedUniquifier: 0x0ed0bedf93d5a586
[TestNG-tests-1] 16:05:47,005 INFO5 [Chrome Regression 32] Opening MulitpleWindows Page
]]></system-out>
    <system-err><![CDATA[SLF4J: No SLF4J providers were found.
SLF4J: Defaulting to no-operation (NOP) logger implementation
SLF4J: See https://www.slf4j.org/codes.html#noProviders for further details.
1689800744917	geckodriver	INFO	Listening on 127.0.0.1:1229
Starting ChromeDriver 114.0.5735.90 (386bc09e8f4f2e025eddae123f36f6263096ae49-refs/branch-heads/5735@{#1052}) on port 32998
Only local connections are allowed.
Please see https://chromedriver.chromium.org/security-considerations for suggestions on keeping ChromeDriver safe.
ChromeDriver was started successfully.
1689800745029	mozrunner::runner	INFO	Running command: MOZ_CRASHREPORTER="1" MOZ_CRASHREPORTER_NO_REPORT="1" MOZ_CRASHREPORTER_SHUTDOWN="1" MOZ_NO_REMOTE="1" "/App ... /[::1]:25781/" "-foreground" "-no-remote" "-profile" "/var/folders/0q/50906hbj38xbn4d2lq_76rh80000gn/T/rust_mozprofiler1LWYz"
console.warn: services.settings: Ignoring preference override of remote settings server
console.warn: services.settings: Allow by setting MOZ_REMOTE_SETTINGS_DEVTOOLS=1 in the environment
1689800745268	Marionette	INFO	Marionette enabled
console.error: "Warning: unrecognized command line flag -remote-allow-hosts\n"
console.error: "Warning: unrecognized command line flag -remote-allow-origins\n"
1689800745438	Marionette	INFO	Listening on port 50391
WebDriver BiDi listening on ws://127.0.0.1:25781
Read port: 50391
1689800745562	RemoteAgent	WARN	TLS certificate errors will be ignored for this session
UNSUPPORTED (log once): POSSIBLE ISSUE: unit 1 GLD_TEXTURE_INDEX_2D is unloadable and bound to sampler type (Float) - using zero texture because texture unloadable
Jul 19, 2023 4:05:45 PM org.openqa.selenium.devtools.CdpVersionFinder findNearestMatch
WARNING: Unable to find an exact match for CDP version 114, so returning the closest version found: 113
DevTools listening on ws://127.0.0.1:25781/devtools/browser/802fa7e9-589b-410e-8f16-f3cd702b8cbb
]]></system-err>
  </testcase>
  <testcase name="multipleWindowTests" classname="com.herokuapp.test.multiplewindows.MultipleWindowsTest" time="0.099">
    <system-out><![CDATA[[AsyncHttpClient-1-5] 16:05:47,100 TRACE5 [WebSocket08FrameEncoder] Encoding WebSocket Frame opCode=8 length=26
[TestNG-tests-1] 16:05:47,209 INFO5 [Chrome Regression 32] Create driver: chrome
[TestNG-tests-2] 16:05:47,694 INFO5 [Firefox Regression 33] Opening MulitpleWindows Page
]]></system-out>
    <system-err><![CDATA[Jul 19, 2023 4:05:47 PM org.openqa.selenium.remote.http.WebSocket$Listener onError
WARNING: Connection reset
java.net.SocketException: Connection reset
	at java.base/sun.nio.ch.SocketChannelImpl.throwConnectionReset(SocketChannelImpl.java:401)
	at java.base/sun.nio.ch.SocketChannelImpl.read(SocketChannelImpl.java:434)
	at io.netty.buffer.PooledByteBuf.setBytes(PooledByteBuf.java:256)
	at io.netty.buffer.AbstractByteBuf.writeBytes(AbstractByteBuf.java:1132)
	at io.netty.channel.socket.nio.NioSocketChannel.doReadBytes(NioSocketChannel.java:357)
	at io.netty.channel.nio.AbstractNioByteChannel$NioByteUnsafe.read(AbstractNioByteChannel.java:151)
	at io.netty.channel.nio.NioEventLoop.processSelectedKey(NioEventLoop.java:788)
	at io.netty.channel.nio.NioEventLoop.processSelectedKeysOptimized(NioEventLoop.java:724)
	at io.netty.channel.nio.NioEventLoop.processSelectedKeys(NioEventLoop.java:650)
	at io.netty.channel.nio.NioEventLoop.run(NioEventLoop.java:562)
	at io.netty.util.concurrent.SingleThreadEventExecutor$4.run(SingleThreadEventExecutor.java:997)
	at io.netty.util.internal.ThreadExecutorMap$2.run(ThreadExecutorMap.java:74)
	at io.netty.util.concurrent.FastThreadLocalRunnable.run(FastThreadLocalRunnable.java:30)
	at java.base/java.lang.Thread.run(Thread.java:1623)

Starting ChromeDriver 114.0.5735.90 (386bc09e8f4f2e025eddae123f36f6263096ae49-refs/branch-heads/5735@{#1052}) on port 3834
Only local connections are allowed.
Please see https://chromedriver.chromium.org/security-considerations for suggestions on keeping ChromeDriver safe.
ChromeDriver was started successfully.
]]></system-err>
  </testcase>
  <testcase name="javaScriptAlertTest" classname="com.herokuapp.test.javascriptalerts.JavaScriptAlertsTest" time="0.098">
    <system-out><![CDATA[[AsyncHttpClient-1-8] 16:05:47,801 TRACE5 [WebSocket08FrameEncoder] Encoding WebSocket Frame opCode=8 length=26
[AsyncHttpClient-1-8] 16:05:47,802 TRACE5 [WebSocket08FrameDecoder] Decoding WebSocket Frame opCode=8
[AsyncHttpClient-1-8] 16:05:47,802 TRACE5 [WebSocket08FrameDecoder] Decoding WebSocket Frame length=26
[TestNG-tests-2] 16:05:48,441 INFO5 [Firefox Regression 33] Create driver: firefox
[TestNG-tests-1] 16:05:48,928 INFO5 [Chrome Regression 32] Opening JavaScriptAlerts Page
]]></system-out>
    <system-err><![CDATA[1689800747798	RemoteAgent	INFO	Perform WebSocket upgrade for incoming connection from 127.0.0.1:50444
1689800747800	CDP	WARN	Invalid browser preferences for CDP. Set "fission.webContentIsolationStrategy"to 0 and "fission.bfcacheInParent" to false before Firefox starts.
1689800747803	Marionette	INFO	Stopped listening on port 50391
Jul 19, 2023 4:05:47 PM org.openqa.selenium.devtools.CdpVersionFinder findNearestMatch
WARNING: Unable to find an exact match for CDP version 114, so returning the closest version found: 113
JavaScript error: resource://services-settings/Utils.sys.mjs, line 229: TypeError: NetworkError: Network request failed
1689800748450	geckodriver	INFO	Listening on 127.0.0.1:36505
1689800748508	mozrunner::runner	INFO	Running command: MOZ_CRASHREPORTER="1" MOZ_CRASHREPORTER_NO_REPORT="1" MOZ_CRASHREPORTER_SHUTDOWN="1" MOZ_NO_REMOTE="1" "/App ... /[::1]:24818/" "-foreground" "-no-remote" "-profile" "/var/folders/0q/50906hbj38xbn4d2lq_76rh80000gn/T/rust_mozprofile54DLxf"
console.warn: services.settings: Ignoring preference override of remote settings server
console.warn: services.settings: Allow by setting MOZ_REMOTE_SETTINGS_DEVTOOLS=1 in the environment
1689800748730	Marionette	INFO	Marionette enabled
console.error: "Warning: unrecognized command line flag -remote-allow-hosts\n"
console.error: "Warning: unrecognized command line flag -remote-allow-origins\n"
1689800748813	Marionette	INFO	Listening on port 50458
Read port: 50458
WebDriver BiDi listening on ws://127.0.0.1:24818
1689800748895	RemoteAgent	WARN	TLS certificate errors will be ignored for this session
]]></system-err>
  </testcase>
  <testcase name="javaScriptAlertTest" classname="com.herokuapp.test.javascriptalerts.JavaScriptAlertsTest" time="0.094">
    <system-out><![CDATA[[AsyncHttpClient-1-10] 16:05:49,027 TRACE5 [WebSocket08FrameEncoder] Encoding WebSocket Frame opCode=8 length=26
[TestNG-tests-2] 16:05:50,543 INFO5 [Firefox Regression 33] Opening JavaScriptAlerts Page
]]></system-out>
    <system-err><![CDATA[UNSUPPORTED (log once): POSSIBLE ISSUE: unit 1 GLD_TEXTURE_INDEX_2D is unloadable and bound to sampler type (Float) - using zero texture because texture unloadable
DevTools listening on ws://127.0.0.1:24818/devtools/browser/c35d05a8-0c87-4d2c-ba44-019215366ef6
]]></system-err>
  </testcase>
</testsuite>