<?xml version="1.0" encoding="UTF-8"?>
<!-- Generated by org.testng.reporters.JUnitReportReporter -->
<testsuite hostname="Daniels-Air.home" failures="0" tests="2" name="com.herokuapp.test.javascriptalerts.JavaScriptAlertsTest" time="0.193" errors="0" timestamp="2023-07-19T16:05:51 CDT" skipped="0">
  <testcase classname="com.herokuapp.test.javascriptalerts.JavaScriptAlertsTest" name="javaScriptAlertTest" time="0.099"/>
  <system-out/>
  <testcase classname="com.herokuapp.test.javascriptalerts.JavaScriptAlertsTest" name="javaScriptAlertTest" time="0.094"/>
  <system-out/>
</testsuite> <!-- com.herokuapp.test.javascriptalerts.JavaScriptAlertsTest -->
